<?xml version="1.0" encoding="UTF-8"?>
<!-- Generated by org.testng.reporters.JUnitXMLReporter -->
<testsuite ignored="0" hostname="Peppo" failures="0" tests="3" name="Default test" time="55.164" errors="0" timestamp="2023-10-02T03:20:28 IST">
  <testcase classname="com.sauce.qa.testscases.LoginPageTest" name="loginpgTitleTest" time="0.228"/>
  <testcase classname="com.sauce.qa.testscases.LoginPageTest" name="sauceLogoTest" time="0.303"/>
  <testcase classname="com.sauce.qa.testscases.LoginPageTest" name="loginTest" time="1.371"/>
</testsuite> <!-- Default test -->
