<?xml version="1.0" encoding="UTF-8"?>
<testng-results ignored="0" total="3" passed="3" failed="0" skipped="0">
  <reporter-output>
  </reporter-output>
  <suite started-at="2023-10-02T03:19:32 IST" name="Default suite" finished-at="2023-10-02T03:20:27 IST" duration-ms="55164">
    <groups>
    </groups>
    <test started-at="2023-10-02T03:19:32 IST" name="Default test" finished-at="2023-10-02T03:20:27 IST" duration-ms="55164">
      <class name="com.sauce.qa.testscases.LoginPageTest">
        <test-method is-config="true" signature="setUp()[pri:0, instance:com.sauce.qa.testscases.LoginPageTest@6aeb35e6]" started-at="2023-10-02T03:19:32 IST" name="setUp" finished-at="2023-10-02T03:19:58 IST" duration-ms="26169" status="PASS">
          <reporter-output>
          </reporter-output>
        </test-method> <!-- setUp -->
        <test-method signature="loginpgTitleTest()[pri:1, instance:com.sauce.qa.testscases.LoginPageTest@6aeb35e6]" started-at="2023-10-02T03:19:58 IST" name="loginpgTitleTest" finished-at="2023-10-02T03:19:59 IST" duration-ms="228" status="PASS">
          <reporter-output>
          </reporter-output>
        </test-method> <!-- loginpgTitleTest -->
        <test-method is-config="true" signature="tearDown()[pri:0, instance:com.sauce.qa.testscases.LoginPageTest@6aeb35e6]" started-at="2023-10-02T03:19:59 IST" name="tearDown" finished-at="2023-10-02T03:20:01 IST" duration-ms="1819" status="PASS">
          <reporter-output>
          </reporter-output>
        </test-method> <!-- tearDown -->
        <test-method is-config="true" signature="setUp()[pri:0, instance:com.sauce.qa.testscases.LoginPageTest@6aeb35e6]" started-at="2023-10-02T03:20:01 IST" name="setUp" finished-at="2023-10-02T03:20:13 IST" duration-ms="12104" status="PASS">
          <reporter-output>
          </reporter-output>
        </test-method> <!-- setUp -->
        <test-method signature="sauceLogoTest()[pri:2, instance:com.sauce.qa.testscases.LoginPageTest@6aeb35e6]" started-at="2023-10-02T03:20:13 IST" name="sauceLogoTest" finished-at="2023-10-02T03:20:13 IST" duration-ms="303" status="PASS">
          <reporter-output>
          </reporter-output>
        </test-method> <!-- sauceLogoTest -->
        <test-method is-config="true" signature="tearDown()[pri:0, instance:com.sauce.qa.testscases.LoginPageTest@6aeb35e6]" started-at="2023-10-02T03:20:13 IST" name="tearDown" finished-at="2023-10-02T03:20:14 IST" duration-ms="1088" status="PASS">
          <reporter-output>
          </reporter-output>
        </test-method> <!-- tearDown -->
        <test-method is-config="true" signature="setUp()[pri:0, instance:com.sauce.qa.testscases.LoginPageTest@6aeb35e6]" started-at="2023-10-02T03:20:14 IST" name="setUp" finished-at="2023-10-02T03:20:24 IST" duration-ms="10107" status="PASS">
          <reporter-output>
          </reporter-output>
        </test-method> <!-- setUp -->
        <test-method signature="loginTest()[pri:3, instance:com.sauce.qa.testscases.LoginPageTest@6aeb35e6]" started-at="2023-10-02T03:20:24 IST" name="loginTest" finished-at="2023-10-02T03:20:26 IST" duration-ms="1371" status="PASS">
          <reporter-output>
          </reporter-output>
        </test-method> <!-- loginTest -->
        <test-method is-config="true" signature="tearDown()[pri:0, instance:com.sauce.qa.testscases.LoginPageTest@6aeb35e6]" started-at="2023-10-02T03:20:26 IST" name="tearDown" finished-at="2023-10-02T03:20:27 IST" duration-ms="1885" status="PASS">
          <reporter-output>
          </reporter-output>
        </test-method> <!-- tearDown -->
      </class> <!-- com.sauce.qa.testscases.LoginPageTest -->
    </test> <!-- Default test -->
  </suite> <!-- Default suite -->
</testng-results>
